<?xml version="1.0" encoding="UTF-8"?>
<!-- Generated by org.testng.reporters.JUnitReportReporter -->
<testsuite skipped="0" hostname="SGGS" name="testcases.BMLoginTest" tests="1" failures="0" timestamp="10 May 2020 07:15:02 GMT" time="2.257" errors="0">
  <testcase name="loginAsBankManager" time="2.257" classname="testcases.BMLoginTest"/>
</testsuite> <!-- testcases.BMLoginTest -->
