<?xml version="1.0" encoding="UTF-8"?>
<!-- Generated by org.testng.reporters.JUnitReportReporter -->
<testsuite skipped="0" hostname="SGGS" name="testcases.LoginTest" tests="1" failures="0" timestamp="2020-05-08T19:08:27 IST" time="3.231" errors="0">
  <testcase name="loginAsBankManager" time="3.231" classname="testcases.LoginTest"/>
  <system-out/>
</testsuite> <!-- testcases.LoginTest -->
