<?xml version="1.0" encoding="UTF-8"?>
<!-- Generated by org.testng.reporters.JUnitReportReporter -->
<testsuite skipped="0" hostname="SGGS" name="testcases.AddCustomerTest" tests="1" failures="0" timestamp="10 May 2020 07:15:02 GMT" time="0.341" errors="0">
  <testcase name="AddCustomer" time="0.341" classname="testcases.AddCustomerTest"/>
</testsuite> <!-- testcases.AddCustomerTest -->
