<?xml version="1.0" encoding="UTF-8"?>
<!-- Generated by org.testng.reporters.JUnitReportReporter -->
<testsuite skipped="1" hostname="SGGS" name="testcases.OpenAccountTest" tests="1" failures="0" timestamp="23 May 2020 03:04:55 GMT" time="0.000" errors="0">
  <testcase name="openAccountTest" time="0.000" classname="testcases.OpenAccountTest">
    <skipped/>
  </testcase> <!-- openAccountTest -->
</testsuite> <!-- testcases.OpenAccountTest -->
