<?xml version="1.0" encoding="UTF-8"?>
<!-- Generated by org.testng.reporters.JUnitReportReporter -->
<testsuite skipped="0" hostname="SGGS" name="testcases.BMLoginTest" tests="1" failures="0" timestamp="23 May 2020 03:04:55 GMT" time="2.700" errors="0">
  <testcase name="BankManagerLoginTest" time="2.700" classname="testcases.BMLoginTest"/>
</testsuite> <!-- testcases.BMLoginTest -->
