<?xml version="1.0" encoding="UTF-8"?>
<!-- Generated by org.testng.reporters.JUnitReportReporter -->
<testsuite skipped="1" hostname="SGGS" name="testcases.AddCustomerTest" tests="4" failures="0" timestamp="23 May 2020 03:04:55 GMT" time="13.031" errors="0">
  <testcase name="addCustomerTest" time="4.447" classname="testcases.AddCustomerTest"/>
  <testcase name="addCustomerTest" time="4.287" classname="testcases.AddCustomerTest"/>
  <testcase name="addCustomerTest" time="4.297" classname="testcases.AddCustomerTest"/>
  <testcase name="addCustomerTest" time="0.000" classname="testcases.AddCustomerTest">
    <skipped/>
  </testcase> <!-- addCustomerTest -->
</testsuite> <!-- testcases.AddCustomerTest -->
